  DrawCircle.cpp
d:\code\drawcircle\drawcircle\drawcircle.cpp(15): error C3861: “sin”: 找不到标识符
d:\code\drawcircle\drawcircle\drawcircle.cpp(15): error C3861: “cos”: 找不到标识符
d:\code\drawcircle\drawcircle\drawcircle.cpp(16): error C3861: “sin”: 找不到标识符
d:\code\drawcircle\drawcircle\drawcircle.cpp(16): error C3861: “cos”: 找不到标识符
d:\code\drawcircle\drawcircle\drawcircle.cpp(16): error C3861: “sqrt”: 找不到标识符
d:\code\drawcircle\drawcircle\drawcircle.cpp(21): error C2065: “HWND”: 未声明的标识符
d:\code\drawcircle\drawcircle\drawcircle.cpp(21): error C2146: 语法错误: 缺少“;”(在标识符“hwnd”的前面)
d:\code\drawcircle\drawcircle\drawcircle.cpp(21): error C2065: “hwnd”: 未声明的标识符
d:\code\drawcircle\drawcircle\drawcircle.cpp(21): error C3861: “GetConsoleWindow”: 找不到标识符
d:\code\drawcircle\drawcircle\drawcircle.cpp(21): error C2065: “HDC”: 未声明的标识符
d:\code\drawcircle\drawcircle\drawcircle.cpp(21): error C2146: 语法错误: 缺少“;”(在标识符“hdc1”的前面)
d:\code\drawcircle\drawcircle\drawcircle.cpp(21): error C2065: “hdc1”: 未声明的标识符
d:\code\drawcircle\drawcircle\drawcircle.cpp(21): error C3861: “GetDC”: 找不到标识符
d:\code\drawcircle\drawcircle\drawcircle.cpp(24): error C2065: “RECT”: 未声明的标识符
d:\code\drawcircle\drawcircle\drawcircle.cpp(24): error C2146: 语法错误: 缺少“;”(在标识符“rect”的前面)
d:\code\drawcircle\drawcircle\drawcircle.cpp(24): error C2065: “rect”: 未声明的标识符
d:\code\drawcircle\drawcircle\drawcircle.cpp(24): error C2065: “hwnd”: 未声明的标识符
d:\code\drawcircle\drawcircle\drawcircle.cpp(24): error C3861: “GetClientRect”: 找不到标识符
d:\code\drawcircle\drawcircle\drawcircle.cpp(24): warning C4244: “初始化”: 从“double”转换到“int”，可能丢失数据
d:\code\drawcircle\drawcircle\drawcircle.cpp(25): error C2065: “HDC”: 未声明的标识符
d:\code\drawcircle\drawcircle\drawcircle.cpp(25): error C2146: 语法错误: 缺少“;”(在标识符“hdc2”的前面)
d:\code\drawcircle\drawcircle\drawcircle.cpp(25): error C2065: “hdc2”: 未声明的标识符
d:\code\drawcircle\drawcircle\drawcircle.cpp(25): error C2065: “hdc1”: 未声明的标识符
d:\code\drawcircle\drawcircle\drawcircle.cpp(25): error C3861: “CreateCompatibleDC”: 找不到标识符
d:\code\drawcircle\drawcircle\drawcircle.cpp(25): error C2065: “HBITMAP”: 未声明的标识符
d:\code\drawcircle\drawcircle\drawcircle.cpp(25): error C2146: 语法错误: 缺少“;”(在标识符“bmp”的前面)
d:\code\drawcircle\drawcircle\drawcircle.cpp(25): error C2065: “bmp”: 未声明的标识符
d:\code\drawcircle\drawcircle\drawcircle.cpp(25): error C3861: “CreateCompatibleBitmap”: 找不到标识符
d:\code\drawcircle\drawcircle\drawcircle.cpp(25): error C3861: “SelectObject”: 找不到标识符
d:\code\drawcircle\drawcircle\drawcircle.cpp(26): error C2065: “hdc2”: 未声明的标识符
d:\code\drawcircle\drawcircle\drawcircle.cpp(26): error C2065: “WHITE_PEN”: 未声明的标识符
d:\code\drawcircle\drawcircle\drawcircle.cpp(26): error C3861: “GetStockObject”: 找不到标识符
d:\code\drawcircle\drawcircle\drawcircle.cpp(26): error C3861: “SelectObject”: 找不到标识符
d:\code\drawcircle\drawcircle\drawcircle.cpp(30): error C2065: “hdc2”: 未声明的标识符
d:\code\drawcircle\drawcircle\drawcircle.cpp(30): error C2065: “NULL”: 未声明的标识符
d:\code\drawcircle\drawcircle\drawcircle.cpp(30): error C3861: “MoveToEx”: 找不到标识符
d:\code\drawcircle\drawcircle\drawcircle.cpp(30): error C3861: “LineTo”: 找不到标识符
d:\code\drawcircle\drawcircle\drawcircle.cpp(31): error C2065: “hdc2”: 未声明的标识符
d:\code\drawcircle\drawcircle\drawcircle.cpp(31): error C2065: “NULL”: 未声明的标识符
d:\code\drawcircle\drawcircle\drawcircle.cpp(31): error C3861: “MoveToEx”: 找不到标识符
d:\code\drawcircle\drawcircle\drawcircle.cpp(31): error C3861: “LineTo”: 找不到标识符
d:\code\drawcircle\drawcircle\drawcircle.cpp(33): error C2065: “hdc1”: 未声明的标识符
d:\code\drawcircle\drawcircle\drawcircle.cpp(33): error C2065: “hdc2”: 未声明的标识符
d:\code\drawcircle\drawcircle\drawcircle.cpp(33): error C2065: “SRCCOPY”: 未声明的标识符
d:\code\drawcircle\drawcircle\drawcircle.cpp(33): error C3861: “BitBlt”: 找不到标识符
d:\code\drawcircle\drawcircle\drawcircle.cpp(33): error C2065: “bmp”: 未声明的标识符
d:\code\drawcircle\drawcircle\drawcircle.cpp(33): error C3861: “DeleteObject”: 找不到标识符
d:\code\drawcircle\drawcircle\drawcircle.cpp(33): error C3861: “DeleteDC”: 找不到标识符
d:\code\drawcircle\drawcircle\drawcircle.cpp(34): error C3861: “Sleep”: 找不到标识符
